	Exporter version: 4.6.1, Blender version: 2.76 (sub 0)
========= Conversion from Blender to Babylon.js =========
	Scene settings used:
		selected layers only:  false
		flat shading entire scene:  false
		inline textures:  false
		texture directory:  /home/yehia/Desktop/yehia/Black Dragon NEW/
	Python World class constructor completed
	processing begun of mesh:  Cube.001
		processing begun of Standard material:  Game_dragon.
		processing begun of Standard material:  Game_dragonU
		processing begun of Standard material:  EYESUntitled
		processing begun of multimaterial:  BGE_Dragon_2_5_Blender_Game_Engine_blend.Multimaterial#0
		num positions      :  22126
		num normals        :  22126
		num uvs            :  44252
		num uvs2           :  0
		num colors         :  0
		num indices        :  113955
	processing begun of mesh:  Cube
		processing begun of Standard material:  Material
		num positions      :  8
		num normals        :  8
		num uvs            :  0
		num uvs2           :  0
		num colors         :  0
		num indices        :  36
	processing begun of camera (FreeCamera):  Camera
	processing begun of light (POINT):  Lamp
========= Writing of scene file started =========
========= Writing of scene file completed =========
========= end of processing =========
elapsed time:  0 min, 2.0548 secs
