Exporter version: 5.4.0, Blender version: 2.76 (sub 0)
========= Conversion from Blender to Babylon.js =========
	Scene settings used:
		selected layers only:  false
		flat shading entire scene:  false
		inline textures:  false
		texture directory:  C:\Users\moaz\Downloads\finalcastle\
	Python World class constructor completed
	processing begun of mesh:  serq_qaqlasi3
		WARNING: No materials have been assigned: 
		num positions      :  65533
		num normals        :  65533
		num uvs            :  0
		num uvs2           :  0
		num colors         :  262132
		num indices        :  373728
	WARNING: The following mesh has exceeded the maximum # of vertex elements & will be broken into multiple Babylon meshes: serq_qaqlasi3
	processing begun of mesh:  serq_qaqlasi31
		WARNING: No materials have been assigned: 
		num positions      :  65535
		num normals        :  65535
		num uvs            :  0
		num uvs2           :  0
		num colors         :  262140
		num indices        :  302973
	processing begun of mesh:  serq_qaqlasi32
		WARNING: No materials have been assigned: 
		num positions      :  38424
		num normals        :  38424
		num uvs            :  0
		num uvs2           :  0
		num colors         :  153696
		num indices        :  175377
	processing begun of camera (UniversalCamera):  Camera
	processing begun of light (POINT):  Lamp
========= Writing of scene file started =========
========= Writing of scene file completed =========
========= end of processing =========
elapsed time:  1 min, 43.7676 secs
