	Exporter version: 4.6.1, Blender version: 2.76 (sub 0)
========= Conversion from Blender to Babylon.js =========
	Scene settings used:
		selected layers only:  false
		flat shading entire scene:  false
		inline textures:  false
		texture directory:  /home/yehia/Desktop/yehia/Projects/JavaScript/Dragon game/
	Python World class constructor completed
	processing begun of skeleton:  a, id:  0
		processing begun of bone:  Bone.002, index:  0
		processing begun of bone:  Helper_Bone, index:  1
		processing begun of bone:  Arm_Cont_L.002, index:  2
		processing begun of bone:  Arm_Cont_L.001, index:  3
		processing begun of bone:  back_food_L.001, index:  4
		processing begun of bone:  Leg_Cont_L, index:  5
		processing begun of bone:  back_food_R.001, index:  6
		processing begun of bone:  Leg_Cont_R, index:  7
		processing begun of bone:  Arm_Cont_R.001, index:  8
		processing begun of bone:  Bone.001, index:  9
		processing begun of bone:  back_food_L, index:  10
		processing begun of bone:  back_food_C_1_L, index:  11
		processing begun of bone:  back_S_1_L, index:  12
		processing begun of bone:  back_S_2_L, index:  13
		processing begun of bone:  back_S_3_L, index:  14
		processing begun of bone:  back_food_C_2_L, index:  15
		processing begun of bone:  back_M_1_L, index:  16
		processing begun of bone:  back_M_2_L, index:  17
		processing begun of bone:  back_M_3_L, index:  18
		processing begun of bone:  back_food_C_3_L, index:  19
		processing begun of bone:  back_Z_1_L, index:  20
		processing begun of bone:  back_Z_2_L, index:  21
		processing begun of bone:  back_Z_3_L, index:  22
		processing begun of bone:  back_food_C_4_L, index:  23
		processing begun of bone:  back_D_1_L, index:  24
		processing begun of bone:  back_D_2_L, index:  25
		processing begun of bone:  back_D_3_L, index:  26
		processing begun of bone:  back_food_R, index:  27
		processing begun of bone:  back_food_C_1_R, index:  28
		processing begun of bone:  back_S_1_R, index:  29
		processing begun of bone:  back_S_2_R, index:  30
		processing begun of bone:  back_S_3_R, index:  31
		processing begun of bone:  back_food_C_2_R, index:  32
		processing begun of bone:  back_M_1_R, index:  33
		processing begun of bone:  back_M_2_R, index:  34
		processing begun of bone:  back_M_3_R, index:  35
		processing begun of bone:  back_food_C_3_R, index:  36
		processing begun of bone:  back_Z_1_R, index:  37
		processing begun of bone:  back_Z_2_R, index:  38
		processing begun of bone:  back_Z_3_R, index:  39
		processing begun of bone:  back_food_C_4_R, index:  40
		processing begun of bone:  back_D_1_R, index:  41
		processing begun of bone:  back_D_2_R, index:  42
		processing begun of bone:  back_D_3_R, index:  43
		processing begun of bone:  Cont_tail.001, index:  44
		processing begun of bone:  Cont_tail.002, index:  45
		processing begun of bone:  Cont_tail, index:  46
		processing begun of bone:  Bone.004, index:  47
		processing begun of bone:  IK_Target_Kopf.001, index:  48
		processing begun of bone:  IK_Target_Kopf, index:  49
		processing begun of bone:  Arm_Cont_L, index:  50
		processing begun of bone:  Arm_Cont_R, index:  51
		processing begun of bone:  pelvic_2, index:  52
		processing begun of bone:  pelvic_1, index:  53
		processing begun of bone:  paunch, index:  54
		processing begun of bone:  breast, index:  55
		processing begun of bone:  paunch.002, index:  56
		processing begun of bone:  w_C_L.001, index:  57
		processing begun of bone:  w_C_L, index:  58
		processing begun of bone:  w1_L, index:  59
		processing begun of bone:  w2_L, index:  60
		processing begun of bone:  w3_L, index:  61
		processing begun of bone:  w3_L.001, index:  62
		processing begun of bone:  w4_L, index:  63
		processing begun of bone:  w5_L, index:  64
		processing begun of bone:  w6_L, index:  65
		processing begun of bone:  w7_L, index:  66
		processing begun of bone:  w8_L, index:  67
		processing begun of bone:  w9_L, index:  68
		processing begun of bone:  w_C_R.001, index:  69
		processing begun of bone:  w_C_R, index:  70
		processing begun of bone:  w1_R, index:  71
		processing begun of bone:  w2_R, index:  72
		processing begun of bone:  w3_R, index:  73
		processing begun of bone:  w3_R.001, index:  74
		processing begun of bone:  w4_R, index:  75
		processing begun of bone:  w5_R, index:  76
		processing begun of bone:  w6_R, index:  77
		processing begun of bone:  w7_R, index:  78
		processing begun of bone:  w8_R, index:  79
		processing begun of bone:  w9_R, index:  80
		processing begun of bone:  ACT_neck_4, index:  81
		processing begun of bone:  ACT_neck_3, index:  82
		processing begun of bone:  ACT_neck_2, index:  83
		processing begun of bone:  ACT_neck_1, index:  84
		processing begun of bone:  head, index:  85
		processing begun of bone:  IK_head, index:  86
		processing begun of bone:  Augen_Control, index:  87
		processing begun of bone:  IK_Target_Auge_L, index:  88
		processing begun of bone:  IK_Target_Auge_R, index:  89
		processing begun of bone:  Augenlid_oben_L, index:  90
		processing begun of bone:  Augenlid_unten_L, index:  91
		processing begun of bone:  IK_Auge_R, index:  92
		processing begun of bone:  Auge_Lens_R, index:  93
		processing begun of bone:  Augenbraue_L, index:  94
		processing begun of bone:  IK_Auge_L, index:  95
		processing begun of bone:  Auge_Lens_L, index:  96
		processing begun of bone:  cheek_muscle_L, index:  97
		processing begun of bone:  Augenlid_oben_R, index:  98
		processing begun of bone:  Augenlid_unten_R, index:  99
		processing begun of bone:  Augenbraue_R, index:  100
		processing begun of bone:  cheek_muscle_R, index:  101
		processing begun of bone:  mouth_Cont, index:  102
		processing begun of bone:  Bone, index:  103
		processing begun of bone:  Cont_tongue, index:  104
		processing begun of bone:  tongue_2, index:  105
		processing begun of bone:  tongue_1, index:  106
		processing begun of bone:  ik_tongue, index:  107
		processing begun of bone:  lips_Cont, index:  108
		processing begun of bone:  lower_lip, index:  109
		processing begun of bone:  ACT_neck_skin, index:  110
		processing begun of bone:  upper_lip, index:  111
		processing begun of bone:  Bone.003, index:  112
		processing begun of bone:  Nase_L, index:  113
		processing begun of bone:  Nase_R, index:  114
		processing begun of bone:  upper_arm_R, index:  115
		processing begun of bone:  ik_underarm_R, index:  116
		processing begun of bone:  Oberschenkel_L, index:  117
		processing begun of bone:  lowerleg_L, index:  118
		processing begun of bone:  kneecap_Act_L, index:  119
		processing begun of bone:  lowerleg_muscle_L, index:  120
		processing begun of bone:  Oberschenkel_R, index:  121
		processing begun of bone:  lowerleg_R, index:  122
		processing begun of bone:  kneecap_Act_R, index:  123
		processing begun of bone:  lowerleg_muscle_R, index:  124
		processing begun of bone:  tail_1, index:  125
		processing begun of bone:  tail_2, index:  126
		processing begun of bone:  tail_3, index:  127
		processing begun of bone:  ik_ACT_tail_5, index:  128
		processing begun of bone:  Hand_L, index:  129
		processing begun of bone:  front_food_C_1_L, index:  130
		processing begun of bone:  front_S_1_L, index:  131
		processing begun of bone:  front_S_2_L, index:  132
		processing begun of bone:  front_S_3_L, index:  133
		processing begun of bone:  front_food_C_2_L, index:  134
		processing begun of bone:  front_M_1_L, index:  135
		processing begun of bone:  front_M_2_L, index:  136
		processing begun of bone:  front_M_3_L, index:  137
		processing begun of bone:  front_food_C_3_L, index:  138
		processing begun of bone:  front_Z_1_L, index:  139
		processing begun of bone:  front_Z_2_L, index:  140
		processing begun of bone:  front_Z_3_L, index:  141
		processing begun of bone:  front_food_C_4_L, index:  142
		processing begun of bone:  front_D_1_L, index:  143
		processing begun of bone:  front_D_2_L, index:  144
		processing begun of bone:  front_D_3_L, index:  145
		processing begun of bone:  upper_arm_L, index:  146
		processing begun of bone:  ik_underarm_L, index:  147
		processing begun of bone:  Hand_R, index:  148
		processing begun of bone:  front_food_C_1_R, index:  149
		processing begun of bone:  front_S_1_R, index:  150
		processing begun of bone:  front_S_2_R, index:  151
		processing begun of bone:  front_S_3_R, index:  152
		processing begun of bone:  front_food_C_2_R, index:  153
		processing begun of bone:  front_M_1_R, index:  154
		processing begun of bone:  front_M_2_R, index:  155
		processing begun of bone:  front_M_3_R, index:  156
		processing begun of bone:  front_food_C_3_R, index:  157
		processing begun of bone:  front_Z_1_R, index:  158
		processing begun of bone:  front_Z_2_R, index:  159
		processing begun of bone:  front_Z_3_R, index:  160
		processing begun of bone:  front_food_C_4_R, index:  161
		processing begun of bone:  front_D_1_R, index:  162
		processing begun of bone:  front_D_2_R, index:  163
		processing begun of bone:  front_D_3_R, index:  164
		processing action 00:  in[0 - 1], out[0 - 1]
		processing action Action:  in[1 - 800], out[10 - 810]
		processing action Body_1:  in[0 - 12], out[820 - 832]
		processing action CDA:MatIpo.002:  in[1 - 11], out[840 - 851]
		processing action CDA:MatIpo.004:  in[1 - 11], out[860 - 871]
		processing action claws roll:  in[1 - 7], out[880 - 887]
		processing action Cycles_pose:  in[0 - 261], out[900 - 1161]
		processing action dragon eye:  in[1 - 3], out[1170 - 1173]
		processing action dragon fireball_1:  in[0 - 69], out[1180 - 1249]
		processing action dragon fireball_1.001:  in[0 - 44], out[1260 - 1304]
		processing action dragon fireball_1.002:  in[0 - 44], out[1310 - 1354]
		processing action dragon_fire:  in[1 - 6], out[1360 - 1366]
		processing action fire e:  in[0 - 40], out[1380 - 1420]
		processing action Flg 2:  in[1 - 361], out[1430 - 1791]
		processing action fly bone:  in[1 - 98], out[1800 - 1898]
		processing action foot roll:  in[1 - 7], out[1910 - 1917]
		processing action idle Pose:  in[0 - 525], out[1930 - 2455]
		processing action kneecap roll:  in[1 - 2], out[2460 - 2462]
		processing action kneecap roll.001:  in[1 - 2], out[2470 - 2472]
		processing action krallen:  in[1 - 4], out[2480 - 2484]
		processing action lower jaw roll:  in[1 - 9], out[2490 - 2499]
		processing action muzzle roll:  in[1 - 5], out[2510 - 2515]
		processing action neck roll:  in[1 - 3], out[2520 - 2523]
		processing action Run:  in[1 - 20], out[2530 - 2550]
		processing action smoke:  in[0 - 60], out[2560 - 2620]
		processing action smoke.001:  in[0 - 60], out[2630 - 2690]
		processing action T_R:  in[0 - 20], out[2700 - 2720]
		processing action tail roll:  in[1 - 6], out[2730 - 2736]
		processing action tongue roll:  in[1 - 4], out[2750 - 2754]
		processing action walk:  in[1 - 40], out[2760 - 2800]
	processing begun of camera (FreeCamera):  Camera
	processing begun of mesh:  Player_BOX
		animation processing begun
			processing action 00:  in[0 - 0], out[0 - 0]
			processing action Action:  in[1 - 800], out[0 - 800]
			processing action Body_1:  in[0 - 12], out[810 - 822]
			processing action CDA:MatIpo.002:  in[0 - 12], out[830 - 842]
			processing action CDA:MatIpo.004:  in[0 - 12], out[850 - 862]
			processing action claws roll:  in[1 - 7], out[870 - 877]
			processing action Cycles_pose:  in[0 - 261], out[890 - 1151]
			processing action dragon eye:  in[1 - 3], out[1160 - 1163]
			processing action dragon fireball_1:  in[0 - 69], out[1170 - 1239]
			processing action dragon fireball_1.001:  in[0 - 44], out[1250 - 1294]
			processing action dragon fireball_1.002:  in[0 - 44], out[1300 - 1344]
			processing action dragon_fire:  in[1 - 6], out[1350 - 1356]
			processing action fire e:  in[0 - 40], out[1370 - 1410]
			processing action Flg 2:  in[1 - 361], out[1420 - 1781]
			processing action fly bone:  in[1 - 98], out[1790 - 1888]
			processing action foot roll:  in[1 - 7], out[1900 - 1907]
			processing action idle Pose:  in[0 - 525], out[1920 - 2445]
			processing action kneecap roll:  in[1 - 2], out[2450 - 2452]
			processing action kneecap roll.001:  in[1 - 2], out[2460 - 2462]
			processing action krallen:  in[1 - 3], out[2470 - 2473]
			processing action lower jaw roll:  in[1 - 9], out[2480 - 2489]
			processing action muzzle roll:  in[1 - 4], out[2500 - 2504]
			processing action neck roll:  in[1 - 3], out[2510 - 2513]
			processing action Run:  in[1 - 20], out[2520 - 2540]
			processing action smoke:  in[0 - 60], out[2550 - 2610]
			processing action smoke.001:  in[0 - 60], out[2620 - 2680]
			processing action T_R:  in[0 - 20], out[2690 - 2710]
			processing action tail roll:  in[1 - 6], out[2720 - 2726]
			processing action tongue roll:  in[1 - 3], out[2740 - 2743]
			processing action walk:  in[1 - 40], out[2750 - 2790]
		processing begun of Standard material:  Material.008
		num positions      :  29
		num normals        :  29
		num uvs            :  58
		num uvs2           :  0
		num colors         :  116
		num indices        :  36
	processing begun of mesh:  Cube
		animation processing begun
			processing action 00:  in[0 - 0], out[0 - 0]
			processing action Action:  in[1 - 800], out[0 - 800]
			processing action Body_1:  in[0 - 12], out[810 - 822]
			processing action CDA:MatIpo.002:  in[0 - 12], out[830 - 842]
			processing action CDA:MatIpo.004:  in[0 - 12], out[850 - 862]
			processing action claws roll:  in[1 - 7], out[870 - 877]
			processing action Cycles_pose:  in[0 - 261], out[890 - 1151]
			processing action dragon eye:  in[1 - 3], out[1160 - 1163]
			processing action dragon fireball_1:  in[0 - 69], out[1170 - 1239]
			processing action dragon fireball_1.001:  in[0 - 44], out[1250 - 1294]
			processing action dragon fireball_1.002:  in[0 - 44], out[1300 - 1344]
			processing action dragon_fire:  in[1 - 6], out[1350 - 1356]
			processing action fire e:  in[0 - 40], out[1370 - 1410]
			processing action Flg 2:  in[1 - 361], out[1420 - 1781]
			processing action fly bone:  in[1 - 98], out[1790 - 1888]
			processing action foot roll:  in[1 - 7], out[1900 - 1907]
			processing action idle Pose:  in[0 - 525], out[1920 - 2445]
			processing action kneecap roll:  in[1 - 2], out[2450 - 2452]
			processing action kneecap roll.001:  in[1 - 2], out[2460 - 2462]
			processing action krallen:  in[1 - 3], out[2470 - 2473]
			processing action lower jaw roll:  in[1 - 9], out[2480 - 2489]
			processing action muzzle roll:  in[1 - 4], out[2500 - 2504]
			processing action neck roll:  in[1 - 3], out[2510 - 2513]
			processing action Run:  in[1 - 20], out[2520 - 2540]
			processing action smoke:  in[0 - 60], out[2550 - 2610]
			processing action smoke.001:  in[0 - 60], out[2620 - 2680]
			processing action T_R:  in[0 - 20], out[2690 - 2710]
			processing action tail roll:  in[1 - 6], out[2720 - 2726]
			processing action tongue roll:  in[1 - 3], out[2740 - 2743]
			processing action walk:  in[1 - 40], out[2750 - 2790]
		processing begun of baked material:  Cube
			Internal baking texture, type: TEXTURE, mapped using: UV_mirror
			Internal baking texture, type: NORMALS, mapped using: UV_mirror
		num positions      :  25727
		num normals        :  25727
		num uvs            :  51454
		num uvs2           :  0
		num colors         :  0
		num indices        :  113958
		Skeleton stats:  
			WARNING: Maximum # of influencers exceeded for 536 vertices, extras ignored
			Total Influencers:  83297
			Avg # of influencers per vertex:  3.2377
			Highest # of influencers observed:  14, num vertices with this:  536
			exported as 8 influencers
			num skeletonWeights and skeletonIndices:  205816
	processing begun of node:  Fire_Empty
		animation processing begun
			processing action 00:  in[0 - 0], out[0 - 0]
			processing action Action:  in[1 - 800], out[0 - 800]
			processing action Body_1:  in[0 - 12], out[810 - 822]
			processing action CDA:MatIpo.002:  in[0 - 12], out[830 - 842]
			processing action CDA:MatIpo.004:  in[0 - 12], out[850 - 862]
			processing action claws roll:  in[1 - 7], out[870 - 877]
			processing action Cycles_pose:  in[0 - 261], out[890 - 1151]
			processing action dragon eye:  in[1 - 3], out[1160 - 1163]
			processing action dragon fireball_1:  in[0 - 69], out[1170 - 1239]
			processing action dragon fireball_1.001:  in[0 - 44], out[1250 - 1294]
			processing action dragon fireball_1.002:  in[0 - 44], out[1300 - 1344]
			processing action dragon_fire:  in[1 - 6], out[1350 - 1356]
			processing action fire e:  in[0 - 40], out[1370 - 1410]
			processing action Flg 2:  in[1 - 361], out[1420 - 1781]
			processing action fly bone:  in[1 - 98], out[1790 - 1888]
			processing action foot roll:  in[1 - 7], out[1900 - 1907]
			processing action idle Pose:  in[0 - 525], out[1920 - 2445]
			processing action kneecap roll:  in[1 - 2], out[2450 - 2452]
			processing action kneecap roll.001:  in[1 - 2], out[2460 - 2462]
			processing action krallen:  in[1 - 3], out[2470 - 2473]
			processing action lower jaw roll:  in[1 - 9], out[2480 - 2489]
			processing action muzzle roll:  in[1 - 4], out[2500 - 2504]
			processing action neck roll:  in[1 - 3], out[2510 - 2513]
			processing action Run:  in[1 - 20], out[2520 - 2540]
			processing action smoke:  in[0 - 60], out[2550 - 2610]
			processing action smoke.001:  in[0 - 60], out[2620 - 2680]
			processing action T_R:  in[0 - 20], out[2690 - 2710]
			processing action tail roll:  in[1 - 6], out[2720 - 2726]
			processing action tongue roll:  in[1 - 3], out[2740 - 2743]
			processing action walk:  in[1 - 40], out[2750 - 2790]
	processing begun of node:  Empty.001
	processing begun of mesh:  smoke
		animation processing begun
			processing action 00:  in[0 - 0], out[0 - 0]
			processing action Action:  in[1 - 800], out[0 - 800]
			processing action Body_1:  in[0 - 12], out[810 - 822]
			processing action CDA:MatIpo.002:  in[0 - 12], out[830 - 842]
			processing action CDA:MatIpo.004:  in[0 - 12], out[850 - 862]
			processing action claws roll:  in[1 - 7], out[870 - 877]
			processing action Cycles_pose:  in[0 - 261], out[890 - 1151]
			processing action dragon eye:  in[1 - 3], out[1160 - 1163]
			processing action dragon fireball_1:  in[0 - 69], out[1170 - 1239]
			processing action dragon fireball_1.001:  in[0 - 44], out[1250 - 1294]
			processing action dragon fireball_1.002:  in[0 - 44], out[1300 - 1344]
			processing action dragon_fire:  in[1 - 6], out[1350 - 1356]
			processing action fire e:  in[0 - 40], out[1370 - 1410]
			processing action Flg 2:  in[1 - 361], out[1420 - 1781]
			processing action fly bone:  in[1 - 98], out[1790 - 1888]
			processing action foot roll:  in[1 - 7], out[1900 - 1907]
			processing action idle Pose:  in[0 - 525], out[1920 - 2445]
			processing action kneecap roll:  in[1 - 2], out[2450 - 2452]
			processing action kneecap roll.001:  in[1 - 2], out[2460 - 2462]
			processing action krallen:  in[1 - 3], out[2470 - 2473]
			processing action lower jaw roll:  in[1 - 9], out[2480 - 2489]
			processing action muzzle roll:  in[1 - 4], out[2500 - 2504]
			processing action neck roll:  in[1 - 3], out[2510 - 2513]
			processing action Run:  in[1 - 20], out[2520 - 2540]
			processing action smoke:  in[0 - 60], out[2550 - 2610]
			processing action smoke.001:  in[0 - 60], out[2620 - 2680]
			processing action T_R:  in[0 - 20], out[2690 - 2710]
			processing action tail roll:  in[1 - 6], out[2720 - 2726]
			processing action tongue roll:  in[1 - 3], out[2740 - 2743]
			processing action walk:  in[1 - 40], out[2750 - 2790]
		processing begun of Standard material:  Material.001
			Diffuse texture found "Ani_Fire_A.png"
				Image texture found, type:  diffuseTexture, mapped using: "UVTex"
				WARNING: Opacity non-std way to indicate opacity, use material alpha to also use Opacity texture
		num positions      :  4
		num normals        :  4
		num uvs            :  8
		num uvs2           :  0
		num colors         :  0
		num indices        :  6
	processing begun of mesh:  dragon fireball_1
		animation processing begun
			processing action 00:  in[0 - 0], out[0 - 0]
			processing action Action:  in[1 - 800], out[0 - 800]
			processing action Body_1:  in[0 - 12], out[810 - 822]
			processing action CDA:MatIpo.002:  in[0 - 12], out[830 - 842]
			processing action CDA:MatIpo.004:  in[0 - 12], out[850 - 862]
			processing action claws roll:  in[1 - 7], out[870 - 877]
			processing action Cycles_pose:  in[0 - 261], out[890 - 1151]
			processing action dragon eye:  in[1 - 3], out[1160 - 1163]
			processing action dragon fireball_1:  in[0 - 69], out[1170 - 1239]
			processing action dragon fireball_1.001:  in[0 - 44], out[1250 - 1294]
			processing action dragon fireball_1.002:  in[0 - 44], out[1300 - 1344]
			processing action dragon_fire:  in[1 - 6], out[1350 - 1356]
			processing action fire e:  in[0 - 40], out[1370 - 1410]
			processing action Flg 2:  in[1 - 361], out[1420 - 1781]
			processing action fly bone:  in[1 - 98], out[1790 - 1888]
			processing action foot roll:  in[1 - 7], out[1900 - 1907]
			processing action idle Pose:  in[0 - 525], out[1920 - 2445]
			processing action kneecap roll:  in[1 - 2], out[2450 - 2452]
			processing action kneecap roll.001:  in[1 - 2], out[2460 - 2462]
			processing action krallen:  in[1 - 3], out[2470 - 2473]
			processing action lower jaw roll:  in[1 - 9], out[2480 - 2489]
			processing action muzzle roll:  in[1 - 4], out[2500 - 2504]
			processing action neck roll:  in[1 - 3], out[2510 - 2513]
			processing action Run:  in[1 - 20], out[2520 - 2540]
			processing action smoke:  in[0 - 60], out[2550 - 2610]
			processing action smoke.001:  in[0 - 60], out[2620 - 2680]
			processing action T_R:  in[0 - 20], out[2690 - 2710]
			processing action tail roll:  in[1 - 6], out[2720 - 2726]
			processing action tongue roll:  in[1 - 3], out[2740 - 2743]
			processing action walk:  in[1 - 40], out[2750 - 2790]
		processing begun of Standard material:  Material.009
			Diffuse texture found "Fire_A_2.png"
				Image texture found, type:  diffuseTexture, mapped using: "UVTex"
			Emissive texture found "Fire_A_2.png"
				Image texture found, type:  emissiveTexture, mapped using: "UVTex"
				WARNING: Opacity non-std way to indicate opacity, use material alpha to also use Opacity texture
			Specular texture found "Ani_Fire_A.png"
				Image texture found, type:  specularTexture, mapped using: "UVTex"
		num positions      :  4
		num normals        :  4
		num uvs            :  8
		num uvs2           :  0
		num colors         :  0
		num indices        :  6
	processing begun of mesh:  Plane.001
		animation processing begun
			processing action 00:  in[0 - 0], out[0 - 0]
			processing action Action:  in[1 - 800], out[0 - 800]
			processing action Body_1:  in[0 - 12], out[810 - 822]
			processing action CDA:MatIpo.002:  in[0 - 12], out[830 - 842]
			processing action CDA:MatIpo.004:  in[0 - 12], out[850 - 862]
			processing action claws roll:  in[1 - 7], out[870 - 877]
			processing action Cycles_pose:  in[0 - 261], out[890 - 1151]
			processing action dragon eye:  in[1 - 3], out[1160 - 1163]
			processing action dragon fireball_1:  in[0 - 69], out[1170 - 1239]
			processing action dragon fireball_1.001:  in[0 - 44], out[1250 - 1294]
			processing action dragon fireball_1.002:  in[0 - 44], out[1300 - 1344]
			processing action dragon_fire:  in[1 - 6], out[1350 - 1356]
			processing action fire e:  in[0 - 40], out[1370 - 1410]
			processing action Flg 2:  in[1 - 361], out[1420 - 1781]
			processing action fly bone:  in[1 - 98], out[1790 - 1888]
			processing action foot roll:  in[1 - 7], out[1900 - 1907]
			processing action idle Pose:  in[0 - 525], out[1920 - 2445]
			processing action kneecap roll:  in[1 - 2], out[2450 - 2452]
			processing action kneecap roll.001:  in[1 - 2], out[2460 - 2462]
			processing action krallen:  in[1 - 3], out[2470 - 2473]
			processing action lower jaw roll:  in[1 - 9], out[2480 - 2489]
			processing action muzzle roll:  in[1 - 4], out[2500 - 2504]
			processing action neck roll:  in[1 - 3], out[2510 - 2513]
			processing action Run:  in[1 - 20], out[2520 - 2540]
			processing action smoke:  in[0 - 60], out[2550 - 2610]
			processing action smoke.001:  in[0 - 60], out[2620 - 2680]
			processing action T_R:  in[0 - 20], out[2690 - 2710]
			processing action tail roll:  in[1 - 6], out[2720 - 2726]
			processing action tongue roll:  in[1 - 3], out[2740 - 2743]
			processing action walk:  in[1 - 40], out[2750 - 2790]
		processing begun of Standard material:  Material.002
			Diffuse texture found "Texture"
				Image texture found, type:  diffuseTexture, mapped using: "UVMap"
			Bump texture found "Texture.001"
				Image texture found, type:  bumpTexture, mapped using: "UVMap"
			Specular texture found "Texture.002"
				Image texture found, type:  specularTexture, mapped using: "UVMap"
		num positions      :  6816
		num normals        :  6816
		num uvs            :  13632
		num uvs2           :  0
		num colors         :  0
		num indices        :  24576
	processing begun of mesh:  smoke2
		animation processing begun
			processing action 00:  in[0 - 0], out[0 - 0]
			processing action Action:  in[1 - 800], out[0 - 800]
			processing action Body_1:  in[0 - 12], out[810 - 822]
			processing action CDA:MatIpo.002:  in[0 - 12], out[830 - 842]
			processing action CDA:MatIpo.004:  in[0 - 12], out[850 - 862]
			processing action claws roll:  in[1 - 7], out[870 - 877]
			processing action Cycles_pose:  in[0 - 261], out[890 - 1151]
			processing action dragon eye:  in[1 - 3], out[1160 - 1163]
			processing action dragon fireball_1:  in[0 - 69], out[1170 - 1239]
			processing action dragon fireball_1.001:  in[0 - 44], out[1250 - 1294]
			processing action dragon fireball_1.002:  in[0 - 44], out[1300 - 1344]
			processing action dragon_fire:  in[1 - 6], out[1350 - 1356]
			processing action fire e:  in[0 - 40], out[1370 - 1410]
			processing action Flg 2:  in[1 - 361], out[1420 - 1781]
			processing action fly bone:  in[1 - 98], out[1790 - 1888]
			processing action foot roll:  in[1 - 7], out[1900 - 1907]
			processing action idle Pose:  in[0 - 525], out[1920 - 2445]
			processing action kneecap roll:  in[1 - 2], out[2450 - 2452]
			processing action kneecap roll.001:  in[1 - 2], out[2460 - 2462]
			processing action krallen:  in[1 - 3], out[2470 - 2473]
			processing action lower jaw roll:  in[1 - 9], out[2480 - 2489]
			processing action muzzle roll:  in[1 - 4], out[2500 - 2504]
			processing action neck roll:  in[1 - 3], out[2510 - 2513]
			processing action Run:  in[1 - 20], out[2520 - 2540]
			processing action smoke:  in[0 - 60], out[2550 - 2610]
			processing action smoke.001:  in[0 - 60], out[2620 - 2680]
			processing action T_R:  in[0 - 20], out[2690 - 2710]
			processing action tail roll:  in[1 - 6], out[2720 - 2726]
			processing action tongue roll:  in[1 - 3], out[2740 - 2743]
			processing action walk:  in[1 - 40], out[2750 - 2790]
		registered as also a user of material:  Material.001
		num positions      :  4
		num normals        :  4
		num uvs            :  8
		num uvs2           :  0
		num colors         :  0
		num indices        :  6
	processing begun of mesh:  dragon fireball_2
		animation processing begun
			processing action 00:  in[0 - 0], out[0 - 0]
			processing action Action:  in[1 - 800], out[0 - 800]
			processing action Body_1:  in[0 - 12], out[810 - 822]
			processing action CDA:MatIpo.002:  in[0 - 12], out[830 - 842]
			processing action CDA:MatIpo.004:  in[0 - 12], out[850 - 862]
			processing action claws roll:  in[1 - 7], out[870 - 877]
			processing action Cycles_pose:  in[0 - 261], out[890 - 1151]
			processing action dragon eye:  in[1 - 3], out[1160 - 1163]
			processing action dragon fireball_1:  in[0 - 69], out[1170 - 1239]
			processing action dragon fireball_1.001:  in[0 - 44], out[1250 - 1294]
			processing action dragon fireball_1.002:  in[0 - 44], out[1300 - 1344]
			processing action dragon_fire:  in[1 - 6], out[1350 - 1356]
			processing action fire e:  in[0 - 40], out[1370 - 1410]
			processing action Flg 2:  in[1 - 361], out[1420 - 1781]
			processing action fly bone:  in[1 - 98], out[1790 - 1888]
			processing action foot roll:  in[1 - 7], out[1900 - 1907]
			processing action idle Pose:  in[0 - 525], out[1920 - 2445]
			processing action kneecap roll:  in[1 - 2], out[2450 - 2452]
			processing action kneecap roll.001:  in[1 - 2], out[2460 - 2462]
			processing action krallen:  in[1 - 3], out[2470 - 2473]
			processing action lower jaw roll:  in[1 - 9], out[2480 - 2489]
			processing action muzzle roll:  in[1 - 4], out[2500 - 2504]
			processing action neck roll:  in[1 - 3], out[2510 - 2513]
			processing action Run:  in[1 - 20], out[2520 - 2540]
			processing action smoke:  in[0 - 60], out[2550 - 2610]
			processing action smoke.001:  in[0 - 60], out[2620 - 2680]
			processing action T_R:  in[0 - 20], out[2690 - 2710]
			processing action tail roll:  in[1 - 6], out[2720 - 2726]
			processing action tongue roll:  in[1 - 3], out[2740 - 2743]
			processing action walk:  in[1 - 40], out[2750 - 2790]
		registered as also a user of material:  Material.009
		num positions      :  4
		num normals        :  4
		num uvs            :  8
		num uvs2           :  0
		num colors         :  0
		num indices        :  6
	processing begun of mesh:  dragon fireball_3
		animation processing begun
			processing action 00:  in[0 - 0], out[0 - 0]
			processing action Action:  in[1 - 800], out[0 - 800]
			processing action Body_1:  in[0 - 12], out[810 - 822]
			processing action CDA:MatIpo.002:  in[0 - 12], out[830 - 842]
			processing action CDA:MatIpo.004:  in[0 - 12], out[850 - 862]
			processing action claws roll:  in[1 - 7], out[870 - 877]
			processing action Cycles_pose:  in[0 - 261], out[890 - 1151]
			processing action dragon eye:  in[1 - 3], out[1160 - 1163]
			processing action dragon fireball_1:  in[0 - 69], out[1170 - 1239]
			processing action dragon fireball_1.001:  in[0 - 44], out[1250 - 1294]
			processing action dragon fireball_1.002:  in[0 - 44], out[1300 - 1344]
			processing action dragon_fire:  in[1 - 6], out[1350 - 1356]
			processing action fire e:  in[0 - 40], out[1370 - 1410]
			processing action Flg 2:  in[1 - 361], out[1420 - 1781]
			processing action fly bone:  in[1 - 98], out[1790 - 1888]
			processing action foot roll:  in[1 - 7], out[1900 - 1907]
			processing action idle Pose:  in[0 - 525], out[1920 - 2445]
			processing action kneecap roll:  in[1 - 2], out[2450 - 2452]
			processing action kneecap roll.001:  in[1 - 2], out[2460 - 2462]
			processing action krallen:  in[1 - 3], out[2470 - 2473]
			processing action lower jaw roll:  in[1 - 9], out[2480 - 2489]
			processing action muzzle roll:  in[1 - 4], out[2500 - 2504]
			processing action neck roll:  in[1 - 3], out[2510 - 2513]
			processing action Run:  in[1 - 20], out[2520 - 2540]
			processing action smoke:  in[0 - 60], out[2550 - 2610]
			processing action smoke.001:  in[0 - 60], out[2620 - 2680]
			processing action T_R:  in[0 - 20], out[2690 - 2710]
			processing action tail roll:  in[1 - 6], out[2720 - 2726]
			processing action tongue roll:  in[1 - 3], out[2740 - 2743]
			processing action walk:  in[1 - 40], out[2750 - 2790]
		registered as also a user of material:  Material.009
		num positions      :  4
		num normals        :  4
		num uvs            :  8
		num uvs2           :  0
		num colors         :  0
		num indices        :  6
	processing begun of light (HEMI):  Hemi.002
	processing begun of light (SPOT):  Spot
	WARNING: The following lamp not visible in scene thus ignored: Point.001
	processing begun of light (SUN):  Sun
	processing begun of light (HEMI):  Hemi
========= Writing of scene file started =========
========= Writing of scene file completed =========
========= end of processing =========
elapsed time:  6 min, 54.7918 secs
